>>>> >>>> >>>> >>>> >>>> >>>> >>>> >>>> >>>> >>>> >>>> >>>> >>>> >>>> 
>>>> >>>>  Welcome!
>>>> >>>> >>>> >>>> >>>> >>>> >>>> >>>> >>>> >>>> >>>> >>>> >>>> >>>> 
 


This program is a pipeline to convert NRRD labelmap to a 3D voxel phantom, for visualization and simulation using Monte Carlo software. 

>> Number of voxels in phantom.nrrd: 53477376 
>> Number of missing values in phantom.nrrd: 0 
 
>> Indices of the segmented phantom data:
>>>> X-axis:  -> min:  0   -> max: 512 
>>>> Y-axis:  -> min:  0   -> max: 512 
>>>> Z-axis:  -> min:  0   -> max: 204 

The phantom data was automatically cropped to delete dead space (e.g. air, CT equipment).

>> Number of voxels in cropped phantom: 23924916 

>> Cropping indices for the segmented phantom data:
>>>> X-axis: -> min: 22 -> max: 492 
>>>> Y-axis:  -> min: 95  -> max: 343 
>>>> Z-axis: Phantom was not cropped in the Z-axis. 

>> Indices of the new cropped phantom:
>>>> X-axis:  -> min:  0   -> max: 471 
>>>> Y-axis:  -> min:  0   -> max: 249 
>>>> Z-axis:  -> min:  0   -> max: 204 

>> Voxel size in x: 0.11719 cm 
>> Voxel size in y: 0.11719 cm 
>> Voxel size in z: 0.50000 cm 
>> Voxel volume   : 0.00687 cm^3 

>> Phantom size in x: 55.195 cm 
>> Phantom size in y: 29.180 cm 
>> Phantom size in z: 102.000 cm 
>> Phantom volume: 164279.361 cm^3 

No differences were found between the number of voxels for the segmented structures in the nrrdphantom loaded and in the cropped phantom, except for the air outside phantom, which is 301.64% times higher in the labelmap.


The 'phantom_avgden' was created. For each organ, the ICRP reference density value was assigned to all voxels comprising the organ. Therefore, all organs have the ICRP reference density value as the average density. ICRP reference values were employed because no CT file or calibration curve were provided. 



>>>> >>>> >>>> >>>> >>>> >>>> >>>> >>>> >>>> >>>> >>>> >>>> >>>> >>>> >>>> >>>> >>>> >>>> >>>> >>>> 
>>>> >>>>  ORGAN DATABASE
>>>> >>>> >>>> >>>> >>>> >>>> >>>> >>>> >>>> >>>> >>>> >>>> >>>> >>>> >>>> >>>> >>>> >>>> >>>> >>>> 


  Organ_ID          Organ             Material_ID       Material          Voxel_number       Volume    Density_ICRP           Mass
----------  ----------------------  -------------  -------------------  --------------  -----------  --------------  -------------
         0   Air_outside_phantom                1  Air_outside_phantom        44208791  303557.6775          0.0012    36548.3444%
         1       Soft_tissue                    2      Soft_tissue             5077747   34866.1217          1.0000  3486612.1674%
         2           Skin                       3         Skin                  140483     964.6202          1.0900   105143.6028%
         3           Bone                       4     Mineral_bone              624179    4285.8971          1.9200   822892.2363%
         4          Muscle                      5        Muscle                1259223    8646.3982          1.0500   907871.8071%
         5       Spinal_canal                   6     Spinal_canal               17420     119.6136          1.1050    13217.3080%
         6          Brain                       7         Brain                 186931    1283.5533          1.0500   134773.0980%
         7         Eye_left                     8          Eye                    1220       8.3771          1.0500      879.5929%
         8      Eye_lens_left                   9       Eye_lens                    49       0.3365          1.1000       37.0102%
         9     Optic_nerve_left                 2      Soft_tissue                 235       1.6136          1.0000      161.3617%
        10        Eye_right                     8          Eye                    1303       8.9470          1.0500      939.4341%
        11      Eye_lens_right                  9       Eye_lens                    46       0.3159          1.1000       34.7443%
        12    Optic_nerve_right                 2      Soft_tissue                 261       1.7921          1.0000      179.2145%
        13         Trachea                     10         Mat45                   3469      23.8197          1.0300     2453.4325%
        14        Lung_left                    11         Lung                  193202    1326.6129          0.3850    51074.5949%
        15        Lung_right                   11         Lung                  248047    1703.2036          0.3850    65573.3379%
        16   Breast_adipose_left               12    Adipose_tissue             169761    1165.6563          0.9500   110737.3466%
        17   Breast_adipose_right              12    Adipose_tissue             169683    1165.1207          0.9500   110686.4662%
        18  Breast_glandular_left              13   Glandular_tissue              3354      23.0301          1.0200     2349.0692%
        19  Breast_glandular_right             13   Glandular_tissue              5021      34.4765          1.0200     3516.6000%
        20          Aorta                      14         Blood                  40391     277.3430          1.0600    29398.3566%
        21    Inferior_vena_cava               14         Blood                   5101      35.0258          1.0600     3712.7335%
        22      Heart_contents                 14         Blood                  67626     464.3509          1.0600    49221.1945%
        23        Heart_wall                   15      Heart_wall                24708     169.6564          1.0500    17813.9191%
        24        Esophagus                    16       Esophagus                 2316      15.9027          1.0300     1637.9791%
        25          Liver                      17         Liver                 355230    2439.1708          1.0500   256112.9379%
        26         Tumor_1                     18        Tumor_1                 47964     329.3427          1.0500    34580.9784%
        27         Tumor_2                     19        Tumor_2                 15704     107.8308          1.0500    11322.2351%
        28          Spleen                     20        Spleen                  12377      84.9861          1.0400     8838.5559%
        29     Stomach_contents                21      GI_contents               18745     128.7117          1.0400    13386.0168%
        30       Stomach_wall                  22        Stomach                 13364      91.7633          1.0400     9543.3838%
        31       Kidney_left                   23        Kidney                  24410     167.6102          1.0500    17599.0677%
        32       Kidney_right                  23        Kidney                  32237     221.3539          1.0500    23242.1608%
        33         Pancreas                    24       Pancreas                 20236     138.9496          1.0500    14589.7064%
        34       Gallbladder                   10         Mat45                   7706      52.9129          1.0300     5450.0290%
        35          Rectum                     25        Rectum                  10620      72.9218          1.0400     7583.8623%
        36          Uterus                     26        Uterus                   7190      49.3698          1.0300     5085.0906%
        37        Bowel_bag                    27    Intestine_wall             424725    2916.3551          1.0400   303300.9338%
        38     Bladder_contents                28         Urine                  15601     107.1236          1.0400    11140.8508%
        39       Bladder_wall                  29        Bladder                  2793      19.1780          1.0400     1994.5129%
        40    Air_inside_phantom               30  Air_inside_phantom            17907     122.9576          0.0012       14.8041%


 Volume: Calculated volume for each organ/structure (cm^3).
 Density_ICRP: Reference density value for each organ/structure according to the ICRP (g/cm^3).
 DensityAvg_CT: Average density value for each organ/structure calculated from the CT image and calibration curve (if provided), otherwise equal to Density_ICRP (g/cm^3).
 Mass_DensCT: Organ/structure mass calculated using DensityAvg_CT (g).






>>>> >>>> >>>> >>>> >>>> >>>> >>>> >>>> >>>> >>>> >>>> >>>> >>>> >>>> >>>> >>>> >>>> >>>> >>>> >>>> 
>>>> >>>>  MATERIAL DATABASE
>>>> >>>> >>>> >>>> >>>> >>>> >>>> >>>> >>>> >>>> >>>> >>>> >>>> >>>> >>>> >>>> >>>> >>>> >>>> >>>> 


  Material_ID       Material          Voxel_number    Total_mass    Total_volume    Density_ICRP    Avg_Mat_Density
-------------  -------------------  --------------  ------------  --------------  --------------  -----------------
            1  Air_outside_phantom        44208791      365.4834     303557.6775          0.0012             0.0012
            2      Soft_tissue             5078243    34869.5274      34869.5274          1.0000             1.0000
            3         Skin                  140483     1051.4360        964.6202          1.0900             1.0900
            4     Mineral_bone              624179     8228.9224       4285.8971          1.9200             1.9200
            5        Muscle                1259223     9078.7181       8646.3982          1.0500             1.0500
            6     Spinal_canal               17420      132.1731        119.6136          1.1050             1.1050
            7         Brain                 186931     1347.7310       1283.5533          1.0500             1.0500
            8          Eye                    2523       18.1903         17.3241          1.0500             1.0500
            9       Eye_lens                    95        0.7175          0.6523          1.1000             1.1000
           10         Mat45                  11175       79.0346         76.7326          1.0300             1.0300
           11         Lung                  441249     1166.4793       3029.8164          0.3850             0.3850
           12    Adipose_tissue             339444     2214.2381       2330.7770          0.9500             0.9500
           13   Glandular_tissue              8375       58.6567         57.5066          1.0200             1.0200
           14         Blood                 113118      823.3228        776.7197          1.0600             1.0600
           15      Heart_wall                24708      178.1392        169.6564          1.0500             1.0500
           16       Esophagus                 2316       16.3798         15.9027          1.0300             1.0300
           17         Liver                 355230     2561.1294       2439.1708          1.0500             1.0500
           18        Tumor_1                 47964      345.8098        329.3427          1.0500             1.0500
           19        Tumor_2                 15704      113.2224        107.8308          1.0500             1.0500
           20        Spleen                  12377       88.3856         84.9861          1.0400             1.0400
           21      GI_contents               18745      133.8602        128.7117          1.0400             1.0400
           22        Stomach                 13364       95.4338         91.7633          1.0400             1.0400
           23        Kidney                  56647      408.4123        388.9641          1.0500             1.0500
           24       Pancreas                 20236      145.8971        138.9496          1.0500             1.0500
           25        Rectum                  10620       75.8386         72.9218          1.0400             1.0400
           26        Uterus                   7190       50.8509         49.3698          1.0300             1.0300
           27    Intestine_wall             424725     3033.0093       2916.3551          1.0400             1.0400
           28         Urine                  15601      111.4085        107.1236          1.0400             1.0400
           29        Bladder                  2793       19.9451         19.1780          1.0400             1.0400
           30  Air_inside_phantom            17907        0.1480        122.9576          0.0012             0.0012


 Avg_Mat_Density: Average density value calculated for material comprised from various organs/structures (g/cm^3).






>>>> >>>> >>>> >>>> >>>> >>>> >>>> >>>> >>>> >>>> >>>> >>>> >>>> >>>> >>>> >>>> >>>> >>>> >>>> >>>> 
>>>> >>>>  VOXELS BOUNDING BOX (VBB) DATABASE
>>>> >>>> >>>> >>>> >>>> >>>> >>>> >>>> >>>> >>>> >>>> >>>> >>>> >>>> >>>> >>>> >>>> >>>> >>>> >>>> 


  Organ_ID          Organ             x_min_vox    x_max_vox    x_size_vox    x_min_cm    x_max_cm    x_size_cm    y_min_vox    y_max_vox    y_size_vox    y_min_cm    y_max_cm    y_size_cm    z_min_vox    z_max_vox    z_size_vox    z_min_cm    z_max_cm    z_size_cm
----------  ----------------------  -----------  -----------  ------------  ----------  ----------  -----------  -----------  -----------  ------------  ----------  ----------  -----------  -----------  -----------  ------------  ----------  ----------  -----------
         0   Air_outside_phantom              0            0             0      0.0000      0.0000       0.0000            0            0             0      0.0000      0.0000       0.0000            0            0             0      0.0000      0.0000       0.0000
         1       Soft_tissue                  4          466           463      0.4688     54.6094      54.2578            3          244           242      0.3516     28.5938      28.3594            0          203           204      0.0000    101.5000     102.0000
         2           Skin                     2          467           466      0.2344     54.7266      54.6094            2          245           244      0.2344     28.7109      28.5938            0          203           204      0.0000    101.5000     102.0000
         3           Bone                    12          459           448      1.4062     53.7891      52.5000           16          235           220      1.8750     27.5391      25.7812            0          203           204      0.0000    101.5000     102.0000
         4          Muscle                   24          446           423      2.8125     52.2656      49.5703           28          236           209      3.2812     27.6562      24.4922            0          203           204      0.0000    101.5000     102.0000
         5       Spinal_canal               212          246            35     24.8438     28.8281       4.1016          105          213           109     12.3047     24.9609      12.7734           56          167           112     28.0000     83.5000      56.0000
         6          Brain                   182          295           114     21.3281     34.5703      13.3594           26          165           140      3.0469     19.3359      16.4062          170          193            24     85.0000     96.5000      12.0000
         7         Eye_left                 249          268            20     29.1797     31.4062       2.3438           24           44            21      2.8125      5.1562       2.4609          170          174             5     85.0000     87.0000       2.5000
         8      Eye_lens_left               256          261             6     30.0000     30.5859       0.7031           27           32             6      3.1641      3.7500       0.7031          170          172             3     85.0000     86.0000       1.5000
         9     Optic_nerve_left             250          258             9     29.2969     30.2344       1.0547           40           60            21      4.6875      7.0312       2.4609          171          175             5     85.5000     87.5000       2.5000
        10        Eye_right                 194          215            22     22.7344     25.1953       2.5781           27           48            22      3.1641      5.6250       2.5781          170          175             6     85.0000     87.5000       3.0000
        11      Eye_lens_right              200          206             7     23.4375     24.1406       0.8203           31           35             5      3.6328      4.1016       0.5859          171          172             2     85.5000     86.0000       1.0000
        12    Optic_nerve_right             203          218            16     23.7891     25.5469       1.8750           43           65            23      5.0391      7.6172       2.6953          171          176             6     85.5000     88.0000       3.0000
        13         Trachea                  218          250            33     25.5469     29.2969       3.8672           80          153            74      9.3750     17.9297       8.6719          127          165            39     63.5000     82.5000      19.5000
        14        Lung_left                 243          342           100     28.4766     40.0781      11.7188           69          218           150      8.0859     25.5469      17.5781          101          143            43     50.5000     71.5000      21.5000
        15        Lung_right                123          232           110     14.4141     27.1875      12.8906           56          216           161      6.5625     25.3125      18.8672          102          143            42     51.0000     71.5000      21.0000
        16   Breast_adipose_left            238          395           158     27.8906     46.2891      18.5156           26          138           113      3.0469     16.1719      13.2422          106          142            37     53.0000     71.0000      18.5000
        17   Breast_adipose_right            70          237           168      8.2031     27.7734      19.6875           23          126           104      2.6953     14.7656      12.1875          106          142            37     53.0000     71.0000      18.5000
        18  Breast_glandular_left           313          369            57     36.6797     43.2422       6.6797           33          116            84      3.8672     13.5938       9.8438          109          125            17     54.5000     62.5000       8.5000
        19  Breast_glandular_right           92          163            72     10.7812     19.1016       8.4375           29          101            73      3.3984     11.8359       8.5547          110          128            19     55.0000     64.0000       9.5000
        20          Aorta                   216          270            55     25.3125     31.6406       6.4453           97          186            90     11.3672     21.7969      10.5469           68          134            67     34.0000     67.0000      33.5000
        21    Inferior_vena_cava            199          242            44     23.3203     28.3594       5.1562          122          148            27     14.2969     17.3438       3.1641           82          113            32     41.0000     56.5000      16.0000
        22      Heart_contents              211          328           118     24.7266     38.4375      13.8281           75          156            82      8.7891     18.2812       9.6094          108          123            16     54.0000     61.5000       8.0000
        23        Heart_wall                206          331           126     24.1406     38.7891      14.7656           69          161            93      8.0859     18.8672      10.8984          107          124            18     53.5000     62.0000       9.0000
        24        Esophagus                 229          251            23     26.8359     29.4141       2.6953          119          166            48     13.9453     19.4531       5.6250          103          146            44     51.5000     73.0000      22.0000
        25          Liver                   107          331           225     12.5391     38.7891      26.3672           51          203           153      5.9766     23.7891      17.9297           70          117            48     35.0000     58.5000      24.0000
        26         Tumor_1                  114          178            65     13.3594     20.8594       7.6172           87          166            80     10.1953     19.4531       9.3750           83          104            22     41.5000     52.0000      11.0000
        27         Tumor_2                  254          312            59     29.7656     36.5625       6.9141           61          107            47      7.1484     12.5391       5.5078           88          100            13     44.0000     50.0000       6.5000
        28          Spleen                  267          341            75     31.2891     39.9609       8.7891          140          200            61     16.4062     23.4375       7.1484           95          107            13     47.5000     53.5000       6.5000
        29     Stomach_contents             210          328           119     24.6094     38.4375      13.9453           77          158            82      9.0234     18.5156       9.6094           79          105            27     39.5000     52.5000      13.5000
        30       Stomach_wall               207          332           126     24.2578     38.9062      14.7656           69          164            96      8.0859     19.2188      11.2500           79          105            27     39.5000     52.5000      13.5000
        31       Kidney_left                254          313            60     29.7656     36.6797       7.0312          138          195            58     16.1719     22.8516       6.7969           77           98            22     38.5000     49.0000      11.0000
        32       Kidney_right               145          206            62     16.9922     24.1406       7.2656          146          200            55     17.1094     23.4375       6.4453           76          102            27     38.0000     51.0000      13.5000
        33         Pancreas                 181          312           132     21.2109     36.5625      15.4688           95          160            66     11.1328     18.7500       7.7344           68           96            29     34.0000     48.0000      14.5000
        34       Gallbladder                165          223            59     19.3359     26.1328       6.9141           69          112            44      8.0859     13.1250       5.1562           74           98            25     37.0000     49.0000      12.5000
        35          Rectum                  202          248            47     23.6719     29.0625       5.5078          159          219            61     18.6328     25.6641       7.1484           29           50            22     14.5000     25.0000      11.0000
        36          Uterus                  201          259            59     23.5547     30.3516       6.9141          162          188            27     18.9844     22.0312       3.1641           30           40            11     15.0000     20.0000       5.5000
        37        Bowel_bag                 121          362           242     14.1797     42.4219      28.3594           54          197           144      6.3281     23.0859      16.8750           40          100            61     20.0000     50.0000      30.5000
        38     Bladder_contents             197          258            62     23.0859     30.2344       7.2656          108          173            66     12.6562     20.2734       7.7344           30           39            10     15.0000     19.5000       5.0000
        39       Bladder_wall               195          260            66     22.8516     30.4688       7.7344          106          174            69     12.4219     20.3906       8.0859           30           39            10     15.0000     19.5000       5.0000
        40    Air_inside_phantom            130          335           206     15.2344     39.2578      24.1406           12          171           160      1.4062     20.0391      18.7500           41          171           131     20.5000     85.5000      65.5000


 Note: To understand the phantom system of coordinates, visualize the phantom along the XY-,XZ- and YZ-planes. 






>>>> >>>> >>>> >>>> >>>> >>>> >>>> >>>> >>>> >>>> >>>> >>>> >>>> >>>> >>>> >>>> >>>> >>>> >>>> >>>> 
>>>> >>>>  CENTER OF MASS (COM) DATABASE - PHANTOM AVGDEN
>>>> >>>> >>>> >>>> >>>> >>>> >>>> >>>> >>>> >>>> >>>> >>>> >>>> >>>> >>>> >>>> >>>> >>>> >>>> >>>> 


  Organ_ID          Organ             com_x_vox    com_y_vox    com_z_vox    com_x_cm    com_y_cm    com_z_cm
----------  ----------------------  -----------  -----------  -----------  ----------  ----------  ----------
         0   Air_outside_phantom            237          114          108     27.7605     13.3781     54.2230
         1       Soft_tissue                235          146           81     27.5311     17.0574     40.7422
         2           Skin                   202          149          109     23.6630     17.5066     54.2626
         3           Bone                   231          141          109     27.0588     16.5620     54.7178
         4          Muscle                  229          154           89     26.8528     18.0182     44.5906
         5       Spinal_canal               227          174          101     26.6190     20.3441     50.6728
         6          Brain                   238          100          181     27.8468     11.7278     90.6439
         7         Eye_left                 258           35          172     30.2232      4.0654     85.9016
         8      Eye_lens_left               258           30          171     30.2535      3.5156     85.5000
         9     Optic_nerve_left             254           50          173     29.7706      5.8898     86.5915
        10        Eye_right                 204           38          172     23.9453      4.4366     86.2341
        11      Eye_lens_right              203           33          172     23.7789      3.8621     85.7500
        12    Optic_nerve_right             210           52          174     24.6570      6.1436     86.9387
        13         Trachea                  233          113          148     27.2669     13.2361     74.0417
        14        Lung_left                 293          159          122     34.3266     18.6259     60.7896
        15        Lung_right                178          147          122     20.8931     17.2002     60.9955
        16   Breast_adipose_left            325           71          122     38.0359      8.3408     61.1810
        17   Breast_adipose_right           142           69          123     16.6218      8.0650     61.3735
        18  Breast_glandular_left           348           60          117     40.7309      6.9934     58.4317
        19  Breast_glandular_right          113           59          117     13.2887      6.8820     58.3257
        20          Aorta                   242          144          110     28.3110     16.9282     55.2114
        21    Inferior_vena_cava            219          134          101     25.6687     15.7272     50.6367
        22      Heart_contents              269          114          115     31.5420     13.3807     57.2528
        23        Heart_wall                267          113          115     31.2620     13.2119     57.3936
        24        Esophagus                 238          151          118     27.9469     17.7217     59.0440
        25          Liver                   187          108           97     21.8874     12.6867     48.4318
        26         Tumor_1                  145          126           92     16.9587     14.8240     46.0919
        27         Tumor_2                  281           83           94     32.9179      9.7401     46.9840
        28          Spleen                  314          174          102     36.7743     20.3779     50.9905
        29     Stomach_contents             291          112           92     34.0494     13.1098     45.8269
        30       Stomach_wall               288          112           92     33.7414     13.1501     45.8934
        31       Kidney_left                283          168           88     33.2215     19.6863     43.8959
        32       Kidney_right               174          175           90     20.4153     20.4712     45.1395
        33         Pancreas                 232          116           83     27.1361     13.6511     41.3921
        34       Gallbladder                191           93           83     22.4088     10.8439     41.5373
        35          Rectum                  224          196           42     26.2962     22.9502     20.9234
        36          Uterus                  229          175           36     26.8267     20.5043     17.8150
        37        Bowel_bag                 251          113           61     29.3968     13.2891     30.5154
        38     Bladder_contents             227          146           35     26.6264     17.1566     17.3180
        39       Bladder_wall               228          146           35     26.6813     17.1554     17.3018
        40    Air_inside_phantom            240          114           75     28.1261     13.3504     37.6391








>>>> >>>> >>>> >>>> >>>> >>>> >>>> >>>> >>>> >>>> >>>> >>>> >>>> >>>> 
>>>> >>>>  Thank your for using this pipeline! Come back soon!
>>>> >>>> >>>> >>>> >>>> >>>> >>>> >>>> >>>> >>>> >>>> >>>> >>>> >>>> 

